<?xml version="1.0" encoding="UTF-8"?>
<!-- Generated by org.testng.reporters.JUnitReportReporter -->
<testsuite hostname="mypc" failures="0" tests="1" name="vtiger_contactTest.ToCreateOrganizationTest" time="16.676" errors="0" timestamp="2024-07-18T09:46:34 IST" skipped="0">
  <testcase classname="vtiger_contactTest.ToCreateOrganizationTest" name="tocCreateContactTest_001" time="16.676"/>
  <system-out>
    <![CDATA[[ ACC27 ] Wipro506 - Organization Information
Wipro]]>
  </system-out>
</testsuite> <!-- vtiger_contactTest.ToCreateOrganizationTest -->
