<?xml version="1.0" encoding="UTF-8"?>
<!-- Generated by org.testng.reporters.JUnitReportReporter -->
<testsuite hostname="mypc" failures="0" tests="2" name="vtiger_contactTest.ToCreateOrganization_script2" time="18.239" errors="0" timestamp="2024-07-11T09:06:10 IST" skipped="0">
  <testcase classname="vtiger_contactTest.ToCreateOrganization_script2" name="tocCreateContactTest_001" time="9.145"/>
  <system-out>
    <![CDATA[[ ACC21 ] Wipro625 - Organization Information
Wipro]]>
  </system-out>
  <testcase classname="vtiger_contactTest.ToCreateOrganization_script2" name="tocCreateContactTest_001" time="9.094"/>
  <system-out>
    <![CDATA[[ ACC21 ] Wipro956 - Organization Information
Wipro]]>
  </system-out>
</testsuite> <!-- vtiger_contactTest.ToCreateOrganization_script2 -->
