<?xml version="1.0" encoding="UTF-8"?>
<!-- Generated by org.testng.reporters.JUnitReportReporter -->
<testsuite hostname="mypc" failures="0" tests="1" name="vtiger_contactTest.TocCreateContactTest" time="8.346" errors="0" timestamp="2024-07-23T09:30:18 IST" skipped="0">
  <testcase classname="vtiger_contactTest.TocCreateContactTest" name="tocCreateContactTest_001" time="8.346"/>
  <system-out/>
</testsuite> <!-- vtiger_contactTest.TocCreateContactTest -->
