<?xml version="1.0" encoding="UTF-8"?>
<!-- Generated by org.testng.reporters.JUnitReportReporter -->
<testsuite hostname="mypc" failures="0" tests="1" name="vtiger_contactTest.ToCreateOrganization_witDropdown_Script4" time="17.660" errors="0" timestamp="2024-07-15T21:09:40 IST" skipped="0">
  <testcase classname="vtiger_contactTest.ToCreateOrganization_witDropdown_Script4" name="tocCreateContactTest_001" time="17.660"/>
  <system-out>
    <![CDATA[[ ACC24 ] Wipro949 - Organization Information
Wipro]]>
  </system-out>
</testsuite> <!-- vtiger_contactTest.ToCreateOrganization_witDropdown_Script4 -->
