<?xml version="1.0" encoding="UTF-8"?>
<!-- Generated by org.testng.reporters.JUnitReportReporter -->
<testsuite hostname="mypc" failures="0" tests="1" name="vtiger_contactTest.ToCreateOrganizationTest" time="10.924" errors="0" timestamp="2025-01-29T12:48:44 IST" skipped="0">
  <testcase classname="vtiger_contactTest.ToCreateOrganizationTest" name="tocCreateContactTest_001" time="10.924"/>
  <system-out>
    <![CDATA[[ ACC31 ] Wipro661 - Organization Information
Wipro]]>
  </system-out>
</testsuite> <!-- vtiger_contactTest.ToCreateOrganizationTest -->
