<?xml version="1.0" encoding="UTF-8"?>
<!-- Generated by org.testng.reporters.JUnitReportReporter -->
<testsuite hostname="mypc" failures="0" tests="1" name="vtiger_contactTest.TocCreateContactTest" time="11.286" errors="0" timestamp="2025-01-29T12:48:44 IST" skipped="0">
  <testcase classname="vtiger_contactTest.TocCreateContactTest" name="tocCreateContactTest_001" time="11.286"/>
  <system-out/>
</testsuite> <!-- vtiger_contactTest.TocCreateContactTest -->
